[22-Feb-2021 15:25:52] NOTICE: fpm is running, pid 77093
[22-Feb-2021 15:25:52] NOTICE: ready to handle connections
[23-Feb-2021 11:13:22] NOTICE: Terminating ...
[23-Feb-2021 11:13:22] NOTICE: Terminating ...
[23-Feb-2021 11:13:22] NOTICE: exiting, bye-bye!
[23-Feb-2021 11:13:30] NOTICE: fpm is running, pid 86168
[23-Feb-2021 11:13:30] NOTICE: ready to handle connections
[23-Feb-2021 11:14:25] NOTICE: Terminating ...
[23-Feb-2021 11:14:25] NOTICE: Terminating ...
[23-Feb-2021 11:14:25] NOTICE: exiting, bye-bye!
[23-Feb-2021 11:14:35] NOTICE: fpm is running, pid 86281
[23-Feb-2021 11:14:35] NOTICE: ready to handle connections
[24-Feb-2021 16:59:18] NOTICE: Terminating ...
[24-Feb-2021 16:59:18] NOTICE: Terminating ...
[24-Feb-2021 16:59:18] NOTICE: exiting, bye-bye!
[24-Feb-2021 17:30:09] NOTICE: fpm is running, pid 1323
[24-Feb-2021 17:30:09] NOTICE: ready to handle connections
[25-Feb-2021 18:08:27] NOTICE: Terminating ...
[25-Feb-2021 18:08:27] NOTICE: Terminating ...
[25-Feb-2021 18:08:27] NOTICE: exiting, bye-bye!
[25-Feb-2021 18:08:33] NOTICE: fpm is running, pid 10489
[25-Feb-2021 18:08:33] NOTICE: ready to handle connections
[26-Feb-2021 19:22:46] NOTICE: Terminating ...
[26-Feb-2021 19:22:46] NOTICE: Terminating ...
[26-Feb-2021 19:22:46] NOTICE: exiting, bye-bye!
[27-Feb-2021 10:57:37] NOTICE: fpm is running, pid 969
[27-Feb-2021 10:57:37] NOTICE: ready to handle connections
[01-Mar-2021 21:01:33] NOTICE: Terminating ...
[01-Mar-2021 21:01:33] NOTICE: Terminating ...
[01-Mar-2021 21:01:33] NOTICE: exiting, bye-bye!
[02-Mar-2021 10:05:53] NOTICE: fpm is running, pid 2141
[02-Mar-2021 10:05:53] NOTICE: ready to handle connections
